

Started GET "/" for 127.0.0.1 at 2013-11-13 17:24:54 -0800
Connecting to database specified by database.yml
Processing by TasksController#index as HTML
  Rendered tasks/index.html.erb within layouts/application (18.8ms)
Completed 500 Internal Server Error in 1082ms

ActionView::Template::Error (Could not find table 'tasks'):
    4: 
    5: <h2>Incomplete Tasks</h2>
    6: <div class="tasks" id="incomplete_tasks">
    7:   <%= render @incomplete_tasks %>
    8: </div>
    9: 
    10: <h2>Comlpete Tasks</h2>
  app/views/tasks/index.html.erb:7:in `_app_views_tasks_index_html_erb___366011687830310267_70259599549640'


  Rendered /Users/mattschneider/.rbenv/versions/2.0.0-p247/lib/ruby/gems/2.0.0/gems/actionpack-3.2.14/lib/action_dispatch/middleware/templates/rescues/_trace.erb (1.2ms)
  Rendered /Users/mattschneider/.rbenv/versions/2.0.0-p247/lib/ruby/gems/2.0.0/gems/actionpack-3.2.14/lib/action_dispatch/middleware/templates/rescues/_request_and_response.erb (1.3ms)
  Rendered /Users/mattschneider/.rbenv/versions/2.0.0-p247/lib/ruby/gems/2.0.0/gems/actionpack-3.2.14/lib/action_dispatch/middleware/templates/rescues/template_error.erb within rescues/layout (13.4ms)


Started GET "/" for 127.0.0.1 at 2013-11-13 17:25:10 -0800
Processing by TasksController#index as HTML
  Rendered tasks/index.html.erb within layouts/application (1.4ms)
Completed 500 Internal Server Error in 1004ms

ActionView::Template::Error (Could not find table 'tasks'):
    4: 
    5: <h2>Incomplete Tasks</h2>
    6: <div class="tasks" id="incomplete_tasks">
    7:   <%= render @incomplete_tasks %>
    8: </div>
    9: 
    10: <h2>Comlpete Tasks</h2>
  app/views/tasks/index.html.erb:7:in `_app_views_tasks_index_html_erb___366011687830310267_70259599549640'


  Rendered /Users/mattschneider/.rbenv/versions/2.0.0-p247/lib/ruby/gems/2.0.0/gems/actionpack-3.2.14/lib/action_dispatch/middleware/templates/rescues/_trace.erb (1.4ms)
  Rendered /Users/mattschneider/.rbenv/versions/2.0.0-p247/lib/ruby/gems/2.0.0/gems/actionpack-3.2.14/lib/action_dispatch/middleware/templates/rescues/_request_and_response.erb (1.1ms)
  Rendered /Users/mattschneider/.rbenv/versions/2.0.0-p247/lib/ruby/gems/2.0.0/gems/actionpack-3.2.14/lib/action_dispatch/middleware/templates/rescues/template_error.erb within rescues/layout (9.7ms)


Started GET "/" for 127.0.0.1 at 2013-11-13 17:25:11 -0800
Processing by TasksController#index as HTML
  Rendered tasks/index.html.erb within layouts/application (1.4ms)
Completed 500 Internal Server Error in 1004ms

ActionView::Template::Error (Could not find table 'tasks'):
    4: 
    5: <h2>Incomplete Tasks</h2>
    6: <div class="tasks" id="incomplete_tasks">
    7:   <%= render @incomplete_tasks %>
    8: </div>
    9: 
    10: <h2>Comlpete Tasks</h2>
  app/views/tasks/index.html.erb:7:in `_app_views_tasks_index_html_erb___366011687830310267_70259599549640'


  Rendered /Users/mattschneider/.rbenv/versions/2.0.0-p247/lib/ruby/gems/2.0.0/gems/actionpack-3.2.14/lib/action_dispatch/middleware/templates/rescues/_trace.erb (1.3ms)
  Rendered /Users/mattschneider/.rbenv/versions/2.0.0-p247/lib/ruby/gems/2.0.0/gems/actionpack-3.2.14/lib/action_dispatch/middleware/templates/rescues/_request_and_response.erb (0.9ms)
  Rendered /Users/mattschneider/.rbenv/versions/2.0.0-p247/lib/ruby/gems/2.0.0/gems/actionpack-3.2.14/lib/action_dispatch/middleware/templates/rescues/template_error.erb within rescues/layout (8.1ms)


Started GET "/" for 127.0.0.1 at 2013-11-13 17:25:12 -0800
Processing by TasksController#index as HTML
  Rendered tasks/index.html.erb within layouts/application (1.7ms)
Completed 500 Internal Server Error in 1005ms

ActionView::Template::Error (Could not find table 'tasks'):
    4: 
    5: <h2>Incomplete Tasks</h2>
    6: <div class="tasks" id="incomplete_tasks">
    7:   <%= render @incomplete_tasks %>
    8: </div>
    9: 
    10: <h2>Comlpete Tasks</h2>
  app/views/tasks/index.html.erb:7:in `_app_views_tasks_index_html_erb___366011687830310267_70259599549640'


  Rendered /Users/mattschneider/.rbenv/versions/2.0.0-p247/lib/ruby/gems/2.0.0/gems/actionpack-3.2.14/lib/action_dispatch/middleware/templates/rescues/_trace.erb (1.7ms)
  Rendered /Users/mattschneider/.rbenv/versions/2.0.0-p247/lib/ruby/gems/2.0.0/gems/actionpack-3.2.14/lib/action_dispatch/middleware/templates/rescues/_request_and_response.erb (1.1ms)
  Rendered /Users/mattschneider/.rbenv/versions/2.0.0-p247/lib/ruby/gems/2.0.0/gems/actionpack-3.2.14/lib/action_dispatch/middleware/templates/rescues/template_error.erb within rescues/layout (9.9ms)


Started GET "/" for 127.0.0.1 at 2013-11-13 17:25:13 -0800
Processing by TasksController#index as HTML
  Rendered tasks/index.html.erb within layouts/application (1.3ms)
Completed 500 Internal Server Error in 1003ms

ActionView::Template::Error (Could not find table 'tasks'):
    4: 
    5: <h2>Incomplete Tasks</h2>
    6: <div class="tasks" id="incomplete_tasks">
    7:   <%= render @incomplete_tasks %>
    8: </div>
    9: 
    10: <h2>Comlpete Tasks</h2>
  app/views/tasks/index.html.erb:7:in `_app_views_tasks_index_html_erb___366011687830310267_70259599549640'


  Rendered /Users/mattschneider/.rbenv/versions/2.0.0-p247/lib/ruby/gems/2.0.0/gems/actionpack-3.2.14/lib/action_dispatch/middleware/templates/rescues/_trace.erb (1.1ms)
  Rendered /Users/mattschneider/.rbenv/versions/2.0.0-p247/lib/ruby/gems/2.0.0/gems/actionpack-3.2.14/lib/action_dispatch/middleware/templates/rescues/_request_and_response.erb (0.8ms)
  Rendered /Users/mattschneider/.rbenv/versions/2.0.0-p247/lib/ruby/gems/2.0.0/gems/actionpack-3.2.14/lib/action_dispatch/middleware/templates/rescues/template_error.erb within rescues/layout (7.7ms)


Started GET "/" for 127.0.0.1 at 2013-11-13 17:25:14 -0800
Processing by TasksController#index as HTML
  Rendered tasks/index.html.erb within layouts/application (1.3ms)
Completed 500 Internal Server Error in 1005ms

ActionView::Template::Error (Could not find table 'tasks'):
    4: 
    5: <h2>Incomplete Tasks</h2>
    6: <div class="tasks" id="incomplete_tasks">
    7:   <%= render @incomplete_tasks %>
    8: </div>
    9: 
    10: <h2>Comlpete Tasks</h2>
  app/views/tasks/index.html.erb:7:in `_app_views_tasks_index_html_erb___366011687830310267_70259599549640'


  Rendered /Users/mattschneider/.rbenv/versions/2.0.0-p247/lib/ruby/gems/2.0.0/gems/actionpack-3.2.14/lib/action_dispatch/middleware/templates/rescues/_trace.erb (1.2ms)
  Rendered /Users/mattschneider/.rbenv/versions/2.0.0-p247/lib/ruby/gems/2.0.0/gems/actionpack-3.2.14/lib/action_dispatch/middleware/templates/rescues/_request_and_response.erb (0.9ms)
  Rendered /Users/mattschneider/.rbenv/versions/2.0.0-p247/lib/ruby/gems/2.0.0/gems/actionpack-3.2.14/lib/action_dispatch/middleware/templates/rescues/template_error.erb within rescues/layout (8.1ms)


Started GET "/" for 127.0.0.1 at 2013-11-13 17:25:15 -0800
Processing by TasksController#index as HTML
  Rendered tasks/index.html.erb within layouts/application (1.2ms)
Completed 500 Internal Server Error in 1004ms

ActionView::Template::Error (Could not find table 'tasks'):
    4: 
    5: <h2>Incomplete Tasks</h2>
    6: <div class="tasks" id="incomplete_tasks">
    7:   <%= render @incomplete_tasks %>
    8: </div>
    9: 
    10: <h2>Comlpete Tasks</h2>
  app/views/tasks/index.html.erb:7:in `_app_views_tasks_index_html_erb___366011687830310267_70259599549640'


  Rendered /Users/mattschneider/.rbenv/versions/2.0.0-p247/lib/ruby/gems/2.0.0/gems/actionpack-3.2.14/lib/action_dispatch/middleware/templates/rescues/_trace.erb (1.2ms)
  Rendered /Users/mattschneider/.rbenv/versions/2.0.0-p247/lib/ruby/gems/2.0.0/gems/actionpack-3.2.14/lib/action_dispatch/middleware/templates/rescues/_request_and_response.erb (1.0ms)
  Rendered /Users/mattschneider/.rbenv/versions/2.0.0-p247/lib/ruby/gems/2.0.0/gems/actionpack-3.2.14/lib/action_dispatch/middleware/templates/rescues/template_error.erb within rescues/layout (10.1ms)


Started GET "/" for 127.0.0.1 at 2013-11-13 17:25:16 -0800
Processing by TasksController#index as HTML
  Rendered tasks/index.html.erb within layouts/application (1.3ms)
Completed 500 Internal Server Error in 1005ms

ActionView::Template::Error (Could not find table 'tasks'):
    4: 
    5: <h2>Incomplete Tasks</h2>
    6: <div class="tasks" id="incomplete_tasks">
    7:   <%= render @incomplete_tasks %>
    8: </div>
    9: 
    10: <h2>Comlpete Tasks</h2>
  app/views/tasks/index.html.erb:7:in `_app_views_tasks_index_html_erb___366011687830310267_70259599549640'


  Rendered /Users/mattschneider/.rbenv/versions/2.0.0-p247/lib/ruby/gems/2.0.0/gems/actionpack-3.2.14/lib/action_dispatch/middleware/templates/rescues/_trace.erb (1.1ms)
  Rendered /Users/mattschneider/.rbenv/versions/2.0.0-p247/lib/ruby/gems/2.0.0/gems/actionpack-3.2.14/lib/action_dispatch/middleware/templates/rescues/_request_and_response.erb (0.8ms)
  Rendered /Users/mattschneider/.rbenv/versions/2.0.0-p247/lib/ruby/gems/2.0.0/gems/actionpack-3.2.14/lib/action_dispatch/middleware/templates/rescues/template_error.erb within rescues/layout (8.4ms)
Connecting to database specified by database.yml
  [1m[36m (0.1ms)[0m  [1mselect sqlite_version(*)[0m
  [1m[35m (0.9ms)[0m  CREATE TABLE "schema_migrations" ("version" varchar(255) NOT NULL) 
  [1m[36m (0.6ms)[0m  [1mCREATE UNIQUE INDEX "unique_schema_migrations" ON "schema_migrations" ("version")[0m
  [1m[35m (0.1ms)[0m  SELECT "schema_migrations"."version" FROM "schema_migrations" 
Migrating to CreateTasks (20120927235101)
  [1m[36m (0.0ms)[0m  [1mbegin transaction[0m
  [1m[35m (0.4ms)[0m  CREATE TABLE "tasks" ("id" INTEGER PRIMARY KEY AUTOINCREMENT NOT NULL, "name" varchar(255), "complete" boolean DEFAULT 'f' NOT NULL, "created_at" datetime NOT NULL, "updated_at" datetime NOT NULL) 
  [1m[36m (0.1ms)[0m  [1mINSERT INTO "schema_migrations" ("version") VALUES ('20120927235101')[0m
  [1m[35m (0.8ms)[0m  commit transaction
  [1m[36m (0.1ms)[0m  [1mSELECT "schema_migrations"."version" FROM "schema_migrations" [0m


Started GET "/" for 127.0.0.1 at 2013-11-13 17:25:29 -0800
Connecting to database specified by database.yml
Processing by TasksController#index as HTML
  [1m[36mTask Load (0.1ms)[0m  [1mSELECT "tasks".* FROM "tasks" WHERE "tasks"."complete" = 'f'[0m
  Rendered collection (0.0ms)
  [1m[35mTask Load (0.1ms)[0m  SELECT "tasks".* FROM "tasks" WHERE "tasks"."complete" = 't'
  Rendered collection (0.0ms)
  Rendered tasks/index.html.erb within layouts/application (8.8ms)
Compiled layout.css  (25ms)  (pid 19895)
Compiled tasks.css  (4ms)  (pid 19895)
Compiled application.css  (36ms)  (pid 19895)
Compiled jquery.js  (4ms)  (pid 19895)
Compiled jquery_ujs.js  (0ms)  (pid 19895)
Compiled tasks.js  (214ms)  (pid 19895)
Compiled application.js  (281ms)  (pid 19895)
Completed 200 OK in 1395ms (Views: 354.6ms | ActiveRecord: 1.4ms)


Started GET "/assets/layout.css?body=1" for 127.0.0.1 at 2013-11-13 17:25:31 -0800
Served asset /layout.css - 200 OK (3ms)


Started GET "/assets/application.css?body=1" for 127.0.0.1 at 2013-11-13 17:25:31 -0800
Served asset /application.css - 200 OK (11ms)


Started GET "/assets/tasks.css?body=1" for 127.0.0.1 at 2013-11-13 17:25:31 -0800
Served asset /tasks.css - 200 OK (2ms)


Started GET "/assets/jquery.js?body=1" for 127.0.0.1 at 2013-11-13 17:25:31 -0800
Served asset /jquery.js - 304 Not Modified (3ms)


Started GET "/assets/tasks.js?body=1" for 127.0.0.1 at 2013-11-13 17:25:31 -0800
Served asset /tasks.js - 200 OK (3ms)


Started GET "/assets/jquery_ujs.js?body=1" for 127.0.0.1 at 2013-11-13 17:25:31 -0800
Served asset /jquery_ujs.js - 304 Not Modified (3ms)


Started GET "/assets/application.js?body=1" for 127.0.0.1 at 2013-11-13 17:25:31 -0800
Served asset /application.js - 200 OK (5ms)


Started GET "/tasks/new" for 127.0.0.1 at 2013-11-13 17:25:33 -0800
Processing by TasksController#new as HTML
  Rendered tasks/_form.html.erb (22.7ms)
  Rendered tasks/new.html.erb within layouts/application (24.4ms)
Completed 200 OK in 57ms (Views: 51.6ms | ActiveRecord: 0.0ms)


Started GET "/assets/jquery.js?body=1" for 127.0.0.1 at 2013-11-13 17:25:33 -0800
Served asset /jquery.js - 304 Not Modified (0ms)


Started GET "/assets/jquery_ujs.js?body=1" for 127.0.0.1 at 2013-11-13 17:25:33 -0800
Served asset /jquery_ujs.js - 304 Not Modified (0ms)


Started POST "/tasks" for 127.0.0.1 at 2013-11-13 17:25:38 -0800
Processing by TasksController#create as HTML
  Parameters: {"utf8"=>"✓", "authenticity_token"=>"jxgOuUrmsKIH19Cecs4YWLpiC+ICdU4qe06QQG4avzM=", "task"=>{"name"=>"sleep"}, "commit"=>"Create Task"}
  [1m[36m (0.1ms)[0m  [1mbegin transaction[0m
  [1m[35mSQL (4.1ms)[0m  INSERT INTO "tasks" ("complete", "created_at", "name", "updated_at") VALUES (?, ?, ?, ?)  [["complete", false], ["created_at", Thu, 14 Nov 2013 01:25:38 UTC +00:00], ["name", "sleep"], ["updated_at", Thu, 14 Nov 2013 01:25:38 UTC +00:00]]
  [1m[36m (0.8ms)[0m  [1mcommit transaction[0m
Redirected to http://localhost:3000/tasks
Completed 302 Found in 9ms (ActiveRecord: 5.0ms)


Started GET "/tasks" for 127.0.0.1 at 2013-11-13 17:25:38 -0800
Processing by TasksController#index as HTML
  [1m[35mTask Load (0.2ms)[0m  SELECT "tasks".* FROM "tasks" WHERE "tasks"."complete" = 'f'
  Rendered tasks/_task.html.erb (2.0ms)
  [1m[36mTask Load (0.1ms)[0m  [1mSELECT "tasks".* FROM "tasks" WHERE "tasks"."complete" = 't'[0m
  Rendered collection (0.0ms)
  Rendered tasks/index.html.erb within layouts/application (5.3ms)
Completed 200 OK in 1011ms (Views: 9.4ms | ActiveRecord: 0.3ms)


Started GET "/assets/jquery.js?body=1" for 127.0.0.1 at 2013-11-13 17:25:39 -0800
Served asset /jquery.js - 304 Not Modified (0ms)


Started GET "/assets/jquery_ujs.js?body=1" for 127.0.0.1 at 2013-11-13 17:25:39 -0800
Served asset /jquery_ujs.js - 304 Not Modified (0ms)


Started PUT "/tasks/1" for 127.0.0.1 at 2013-11-13 17:25:49 -0800
Processing by TasksController#update as HTML
  Parameters: {"utf8"=>"✓", "authenticity_token"=>"jxgOuUrmsKIH19Cecs4YWLpiC+ICdU4qe06QQG4avzM=", "task"=>{"complete"=>"1"}, "commit"=>"Update", "id"=>"1"}
  [1m[35mTask Load (0.3ms)[0m  SELECT "tasks".* FROM "tasks" WHERE "tasks"."id" = ? LIMIT 1  [["id", "1"]]
  [1m[36m (0.1ms)[0m  [1mbegin transaction[0m
  [1m[35m (0.4ms)[0m  UPDATE "tasks" SET "complete" = 't', "updated_at" = '2013-11-14 01:25:49.018072' WHERE "tasks"."id" = 1
  [1m[36m (6.8ms)[0m  [1mcommit transaction[0m
Redirected to http://localhost:3000/tasks
Completed 302 Found in 13ms (ActiveRecord: 7.5ms)


Started GET "/tasks" for 127.0.0.1 at 2013-11-13 17:25:49 -0800
Processing by TasksController#index as HTML
  [1m[35mTask Load (0.2ms)[0m  SELECT "tasks".* FROM "tasks" WHERE "tasks"."complete" = 'f'
  Rendered collection (0.0ms)
  [1m[36mTask Load (0.1ms)[0m  [1mSELECT "tasks".* FROM "tasks" WHERE "tasks"."complete" = 't'[0m
  Rendered tasks/_task.html.erb (1.2ms)
  Rendered tasks/index.html.erb within layouts/application (3.3ms)
Completed 200 OK in 1009ms (Views: 7.1ms | ActiveRecord: 0.3ms)


Started GET "/assets/jquery_ujs.js?body=1" for 127.0.0.1 at 2013-11-13 17:25:50 -0800
Served asset /jquery_ujs.js - 304 Not Modified (0ms)


Started GET "/assets/jquery.js?body=1" for 127.0.0.1 at 2013-11-13 17:25:50 -0800
Served asset /jquery.js - 304 Not Modified (0ms)
